

Microchip Technology PIC18 LITE Macro Assembler V1.35 build -356382666 
                                                                                               Fri Sep 04 09:07:41 2015

Microchip Technology Omniscient Code Generator v1.35 (Free mode) build 201507080246
     1                           	processor	18F26K22
     2                           	fnconf	rparam,??,?,0
     3                           	opt	pw 120
     4                           	opt	lm
     5                           	psect	idataCOMRAM,global,class=CODE,delta=1
     6                           	psect	cinit,global,reloc=2,class=CODE,delta=1
     7                           	psect	bssCOMRAM,global,class=COMRAM,space=1,delta=1
     8                           	psect	dataCOMRAM,global,class=COMRAM,space=1,delta=1
     9                           	psect	bssBANK0,global,class=BANK0,space=1,delta=1
    10                           	psect	cstackCOMRAM,global,class=COMRAM,space=1,delta=1
    11                           	psect	text0,global,reloc=2,class=CODE,delta=1
    12                           	psect	intsave_regs,global,class=BIGRAM,space=1,delta=1
    13                           	psect	rparam,global,class=COMRAM,space=1,delta=1
    14  0000                     
    15                           	psect	idataCOMRAM
    16  00FFB8                     __pidataCOMRAM:
    17                           	opt stack 0
    18                           
    19                           ;initializer for _Id
    20  00FFB8  30                 	db	48
    21  00FFB9  49                 	db	73
    22  00FFBA  21                 	db	33
    23  00FFBB  00                 	db	0
    24                           
    25                           ;initializer for _AQuery
    26  00FFBC  3F                 	db	63
    27  00FFBD  21                 	db	33
    28  00FFBE  00                 	db	0
    29                           
    30                           ;initializer for _Ack
    31  00FFBF  30                 	db	48
    32  00FFC0  21                 	db	33
    33  00FFC1  00                 	db	0
    34  0000                     _LATAbits	set	3977
    35  0000                     _PORTAbits	set	3968
    36  0000                     _TRISA	set	3986
    37  0000                     _TRISAbits	set	3986
    38                           
    39                           ; #config settings
    40  0000                     
    41                           	psect	cinit
    42  00FFC2                     __pcinit:
    43                           	opt stack 0
    44  00FFC2                     start_initialization:
    45                           	opt stack 0
    46  00FFC2                     __initialization:
    47                           	opt stack 0
    48                           
    49                           ; Clear objects allocated to BANK0 (64 bytes)
    50  00FFC2  EE00  F060         	lfsr	0,__pbssBANK0
    51  00FFC6  0E40               	movlw	64
    52  00FFC8                     clear_0:
    53  00FFC8  6AEE               	clrf	postinc0,c
    54  00FFCA  06E8               	decf	wreg,f,c
    55  00FFCC  E1FD               	bnz	clear_0
    56                           
    57                           ; Clear objects allocated to COMRAM (80 bytes)
    58  00FFCE  EE00  F001         	lfsr	0,__pbssCOMRAM
    59  00FFD2  0E50               	movlw	80
    60  00FFD4                     clear_1:
    61  00FFD4  6AEE               	clrf	postinc0,c
    62  00FFD6  06E8               	decf	wreg,f,c
    63  00FFD8  E1FD               	bnz	clear_1
    64                           
    65                           ; Initialize objects allocated to COMRAM (10 bytes)
    66                           ; load TBLPTR registers with __pidataCOMRAM
    67  00FFDA  0EB8               	movlw	low __pidataCOMRAM
    68  00FFDC  6EF6               	movwf	tblptrl,c
    69  00FFDE  0EFF               	movlw	high __pidataCOMRAM
    70  00FFE0  6EF7               	movwf	tblptrh,c
    71  00FFE2  0E00               	movlw	low (__pidataCOMRAM shr (0+16))
    72  00FFE4  6EF8               	movwf	tblptru,c
    73  00FFE6  EE00  F051         	lfsr	0,__pdataCOMRAM
    74  00FFEA  EE10 F00A          	lfsr	1,10
    75  00FFEE                     copy_data0:
    76  00FFEE  0009               	tblrd		*+
    77  00FFF0  CFF5 FFEE          	movff	tablat,postinc0
    78  00FFF4  50E5               	movf	postdec1,w,c
    79  00FFF6  50E1               	movf	fsr1l,w,c
    80  00FFF8  E1FA               	bnz	copy_data0
    81  00FFFA                     end_of_initialization:
    82                           	opt stack 0
    83  00FFFA                     __end_of__initialization:
    84                           	opt stack 0
    85  00FFFA  0100               	movlb	0
    86  00FFFC  EFDA  F07F         	goto	_main	;jump to C main() function
    87                           tblptru	equ	0xFF8
    88                           tblptrh	equ	0xFF7
    89                           tblptrl	equ	0xFF6
    90                           tablat	equ	0xFF5
    91                           postinc0	equ	0xFEE
    92                           wreg	equ	0xFE8
    93                           postdec1	equ	0xFE5
    94                           fsr1l	equ	0xFE1
    95                           
    96                           	psect	bssCOMRAM
    97  000001                     __pbssCOMRAM:
    98                           	opt stack 0
    99  000001                     _Medicion:
   100                           	opt stack 0
   101  000001                     	ds	18
   102  000013                     _cont:
   103                           	opt stack 0
   104  000013                     	ds	2
   105  000015                     _Medicion1:
   106                           	opt stack 0
   107  000015                     	ds	10
   108  00001F                     _Medicion2:
   109                           	opt stack 0
   110  00001F                     	ds	10
   111  000029                     _Medicion3:
   112                           	opt stack 0
   113  000029                     	ds	10
   114  000033                     _Medicion4:
   115                           	opt stack 0
   116  000033                     	ds	10
   117  00003D                     _Medicion5:
   118                           	opt stack 0
   119  00003D                     	ds	10
   120  000047                     _Medicion6:
   121                           	opt stack 0
   122  000047                     	ds	10
   123                           tblptru	equ	0xFF8
   124                           tblptrh	equ	0xFF7
   125                           tblptrl	equ	0xFF6
   126                           tablat	equ	0xFF5
   127                           postinc0	equ	0xFEE
   128                           wreg	equ	0xFE8
   129                           postdec1	equ	0xFE5
   130                           fsr1l	equ	0xFE1
   131                           
   132                           	psect	dataCOMRAM
   133  000051                     __pdataCOMRAM:
   134                           	opt stack 0
   135  000051                     _Id:
   136                           	opt stack 0
   137  000051                     	ds	4
   138  000055                     _AQuery:
   139                           	opt stack 0
   140  000055                     	ds	3
   141  000058                     _Ack:
   142                           	opt stack 0
   143  000058                     	ds	3
   144                           tblptru	equ	0xFF8
   145                           tblptrh	equ	0xFF7
   146                           tblptrl	equ	0xFF6
   147                           tablat	equ	0xFF5
   148                           postinc0	equ	0xFEE
   149                           wreg	equ	0xFE8
   150                           postdec1	equ	0xFE5
   151                           fsr1l	equ	0xFE1
   152                           
   153                           	psect	bssBANK0
   154  000060                     __pbssBANK0:
   155                           	opt stack 0
   156  000060                     _Buffer:
   157                           	opt stack 0
   158  000060                     	ds	64
   159                           tblptru	equ	0xFF8
   160                           tblptrh	equ	0xFF7
   161                           tblptrl	equ	0xFF6
   162                           tablat	equ	0xFF5
   163                           postinc0	equ	0xFEE
   164                           wreg	equ	0xFE8
   165                           postdec1	equ	0xFE5
   166                           fsr1l	equ	0xFE1
   167                           
   168                           	psect	cstackCOMRAM
   169  000000                     __pcstackCOMRAM:
   170                           	opt stack 0
   171  000000                     tblptru	equ	0xFF8
   172                           tblptrh	equ	0xFF7
   173                           tblptrl	equ	0xFF6
   174                           tablat	equ	0xFF5
   175                           postinc0	equ	0xFEE
   176                           wreg	equ	0xFE8
   177                           postdec1	equ	0xFE5
   178                           fsr1l	equ	0xFE1
   179                           
   180                           ; 0 bytes @ 0x0
   181 ;;
   182 ;;Main: autosize = 0, tempsize = 0, incstack = 0, save=0
   183 ;;
   184 ;; *************** function _main *****************
   185 ;; Defined at:
   186 ;;		line 45 in file "main.c"
   187 ;; Parameters:    Size  Location     Type
   188 ;;		None
   189 ;; Auto vars:     Size  Location     Type
   190 ;;		None
   191 ;; Return value:  Size  Location     Type
   192 ;;		None               void
   193 ;; Registers used:
   194 ;;		None
   195 ;; Tracked objects:
   196 ;;		On entry : 0/0
   197 ;;		On exit  : 0/0
   198 ;;		Unchanged: 0/0
   199 ;; Data sizes:     COMRAM   BANK0   BANK1   BANK2   BANK3   BANK4   BANK5   BANK6   BANK7   BANK8   BANK9  BANK10  BANK1
      +1  BANK12  BANK13  BANK14  BANK15
   200 ;;      Params:         0       0       0       0       0       0       0       0       0       0       0       0       
      +0       0       0       0       0
   201 ;;      Locals:         0       0       0       0       0       0       0       0       0       0       0       0       
      +0       0       0       0       0
   202 ;;      Temps:          0       0       0       0       0       0       0       0       0       0       0       0       
      +0       0       0       0       0
   203 ;;      Totals:         0       0       0       0       0       0       0       0       0       0       0       0       
      +0       0       0       0       0
   204 ;;Total ram usage:        0 bytes
   205 ;; This function calls:
   206 ;;		Nothing
   207 ;; This function is called by:
   208 ;;		Startup code after reset
   209 ;; This function uses a non-reentrant model
   210 ;;
   211                           
   212                           	psect	text0
   213  00FFB4                     __ptext0:
   214                           	opt stack 0
   215  00FFB4                     _main:
   216                           	opt stack 31
   217                           
   218                           ;main.c: 47: return;
   219                           
   220                           ;incstack = 0
   221  00FFB4  EF00  F000         	goto	start
   222  00FFB8                     __end_of_main:
   223                           	opt stack 0
   224  0000                     tblptru	equ	0xFF8
   225                           tblptrh	equ	0xFF7
   226                           tblptrl	equ	0xFF6
   227                           tablat	equ	0xFF5
   228                           postinc0	equ	0xFEE
   229                           wreg	equ	0xFE8
   230                           postdec1	equ	0xFE5
   231                           fsr1l	equ	0xFE1
   232                           tblptru	equ	0xFF8
   233                           tblptrh	equ	0xFF7
   234                           tblptrl	equ	0xFF6
   235                           tablat	equ	0xFF5
   236                           postinc0	equ	0xFEE
   237                           wreg	equ	0xFE8
   238                           postdec1	equ	0xFE5
   239                           fsr1l	equ	0xFE1
   240                           
   241                           	psect	rparam
   242  0000                     tblptru	equ	0xFF8
   243                           tblptrh	equ	0xFF7
   244                           tblptrl	equ	0xFF6
   245                           tablat	equ	0xFF5
   246                           postinc0	equ	0xFEE
   247                           wreg	equ	0xFE8
   248                           postdec1	equ	0xFE5
   249                           fsr1l	equ	0xFE1


Data Sizes:
    Strings     0
    Constant    0
    Data        10
    BSS         144
    Persistent  0
    Stack       0

Auto Spaces:
    Space          Size  Autos    Used
    COMRAM           95      0      90
    BANK0           160      0      64
    BANK1           256      0       0
    BANK2           256      0       0
    BANK3           256      0       0
    BANK4           256      0       0
    BANK5           256      0       0
    BANK6           256      0       0
    BANK7           256      0       0
    BANK8           256      0       0
    BANK9           256      0       0
    BANK10          256      0       0
    BANK11          256      0       0
    BANK12          256      0       0
    BANK13          256      0       0
    BANK14          256      0       0
    BANK15           56      0       0

Pointer List with Targets:

    sp__memset	PTR void  size(2) Largest target is 64
		 -> MuestraSegundo@str(COMRAM[4]), Buffer(BANK0[64]), 


Critical Paths under _main in COMRAM

    None.

Critical Paths under _main in BANK0

    None.

Critical Paths under _main in BANK1

    None.

Critical Paths under _main in BANK2

    None.

Critical Paths under _main in BANK3

    None.

Critical Paths under _main in BANK4

    None.

Critical Paths under _main in BANK5

    None.

Critical Paths under _main in BANK6

    None.

Critical Paths under _main in BANK7

    None.

Critical Paths under _main in BANK8

    None.

Critical Paths under _main in BANK9

    None.

Critical Paths under _main in BANK10

    None.

Critical Paths under _main in BANK11

    None.

Critical Paths under _main in BANK12

    None.

Critical Paths under _main in BANK13

    None.

Critical Paths under _main in BANK14

    None.

Critical Paths under _main in BANK15

    None.

Call Graph Tables:

 ---------------------------------------------------------------------------------
 (Depth) Function   	        Calls       Base Space   Used Autos Params    Refs
 ---------------------------------------------------------------------------------
 (0) _main                                                 0     0      0       0
 ---------------------------------------------------------------------------------
 Estimated maximum stack depth 0
 ---------------------------------------------------------------------------------

 Call Graph Graphs:

 _main (ROOT)

 Address spaces:
Name               Size   Autos  Total    Cost      Usage
BIGRAM             F37      0       0      37        0.0%
EEDATA             400      0       0       0        0.0%
BITBANK14          100      0       0      33        0.0%
BANK14             100      0       0      34        0.0%
BITBANK13          100      0       0      31        0.0%
BANK13             100      0       0      32        0.0%
BITBANK12          100      0       0      29        0.0%
BANK12             100      0       0      30        0.0%
BITBANK11          100      0       0      27        0.0%
BANK11             100      0       0      28        0.0%
BITBANK10          100      0       0      25        0.0%
BANK10             100      0       0      26        0.0%
BITBANK9           100      0       0      23        0.0%
BANK9              100      0       0      24        0.0%
BITBANK8           100      0       0      21        0.0%
BANK8              100      0       0      22        0.0%
BITBANK7           100      0       0      19        0.0%
BANK7              100      0       0      20        0.0%
BITBANK6           100      0       0      17        0.0%
BANK6              100      0       0      18        0.0%
BITBANK5           100      0       0      15        0.0%
BANK5              100      0       0      16        0.0%
BITBANK4           100      0       0      13        0.0%
BANK4              100      0       0      14        0.0%
BITBANK3           100      0       0      10        0.0%
BANK3              100      0       0      11        0.0%
BITBANK2           100      0       0       8        0.0%
BANK2              100      0       0       9        0.0%
BITBANK1           100      0       0       6        0.0%
BANK1              100      0       0       7        0.0%
BITBANK0            A0      0       0       4        0.0%
BANK0               A0      0      40       5       40.0%
BITCOMRAM           5F      0       0       0        0.0%
COMRAM              5F      0      5A       1       94.7%
BITBANK15           38      0       0      35        0.0%
BANK15              38      0       0      36        0.0%
BITSFR_1             0      0       0      40        0.0%
SFR_1                0      0       0      40        0.0%
BITSFR               0      0       0      40        0.0%
SFR                  0      0       0      40        0.0%
STACK                0      0       0       2        0.0%
NULL                 0      0       0       0        0.0%
ABS                  0      0      9A      12        0.0%
DATA                 0      0      9A       3        0.0%
CODE                 0      0       0       0        0.0%


Microchip Technology PIC18 Macro Assembler V1.35 build -356382666 
Symbol Table                                                                                   Fri Sep 04 09:07:41 2015

                     _Id 0051                      _Ack 0058                      wreg 000FE8  
           __CFG_LVP$OFF 000000                     _cont 0013                     _main FFB4  
                   fsr1l 000FE1            __CFG_BORV$285 000000            __CFG_BOREN$ON 000000  
                   start 0000            __CFG_IESO$OFF 000000             ___param_bank 000010  
                  ?_main 0000           __CFG_DEBUG$OFF 000000            __CFG_WDTEN$ON 000000  
                  _TRISA 000F92           __CFG_FCMEN$OFF 000000       __CFG_MCLRE$EXTMCLR 000000  
                  tablat 000FF5          __initialization FFC2             __end_of_main FFB8  
                 ??_main 0000            __activetblptr 000000                   _AQuery 0055  
                 _Buffer 0060           __CFG_PWRTEN$ON 000000           __CFG_XINST$OFF 000000  
                 clear_0 FFC8                   clear_1 FFD4             __pdataCOMRAM 0051  
                 tblptrh 000FF7                   tblptrl 000FF6                   tblptru 000FF8  
        __CFG_HFOFST$OFF 000000               __accesstop 0060  __end_of__initialization FFFA  
        __CFG_PBADEN$OFF 000000            ___rparam_used 000001           __pcstackCOMRAM 0000  
             __pbssBANK0 0060          __CFG_PLLCFG$OFF 000000       __CFG_CCP2MX$PORTC1 000000  
     __CFG_CCP3MX$PORTB5 000000        __CFG_PRICLKEN$OFF 000000          __CFG_WDTPS$8192 000000  
                __Hparam 0000                  __Lparam 0000          __CFG_STVREN$OFF 000000  
                __pcinit FFC2                  __ramtop 1000                  __ptext0 FFB4  
   end_of_initialization FFFA                  postdec1 000FE5                  postinc0 000FEE  
              _PORTAbits 000F80                _TRISAbits 000F92            __pidataCOMRAM FFB8  
              _Medicion1 0015                _Medicion2 001F                _Medicion3 0029  
              _Medicion4 0033                _Medicion5 003D                _Medicion6 0047  
    start_initialization FFC2              __pbssCOMRAM 0001                 _LATAbits 000F89  
              copy_data0 FFEE                 _Medicion 0001                 __Hrparam 0000  
               __Lrparam 0000        __CFG_P2BMX$PORTC0 000000            __size_of_main 0004  
      __CFG_T3CMX$PORTC0 000000        __CFG_FOSC$INTIO67 000000  
